2025-05-28 21:27:42 [main] INFO  com.devsenior.Main - Iniciano el programa de gestión de empleados...
2025-05-28 21:27:43 [main] INFO  com.devsenior.Main - Información del empleado creado: Empleado{nombre= Juan', edad= 25, salario= 3000.0}
2025-05-28 21:27:43 [main] INFO  com.devsenior.Main - Información del gerente: Gerente{departamento= null', Empleado{nombre= Ana', edad= 35, salario= 5000.0}}
2025-05-28 21:27:43 [main] INFO  com.devsenior.Main - Después del aumento...
2025-05-28 21:27:43 [main] INFO  com.devsenior.Main - Información del empleado: Empleado{nombre= Juan', edad= 25, salario= 3500.0}
2025-05-28 21:27:43 [main] INFO  com.devsenior.Main - Información del gerente: Gerente{departamento= null', Empleado{nombre= Ana', edad= 35, salario= 6000.0}}
2025-05-28 21:27:43 [main] INFO  com.devsenior.Main - Programa finalizado
2025-05-28 21:27:43 [main] WARN  com.devsenior.Main - Este es un mensaje WARN
2025-05-28 21:27:43 [main] ERROR com.devsenior.Main - Este es un mensaje ERROR
2025-05-28 21:27:43 [main] FATAL com.devsenior.Main - Este es un mensaje FATAL
2025-05-28 21:38:13 [main] INFO  com.devsenior.Main - Iniciano el programa de gestión de empleados...
2025-05-28 21:38:13 [main] INFO  com.devsenior.Main - Información del empleado creado: Empleado{nombre= Juan', edad= 25, salario= 3000.0}
2025-05-28 21:38:13 [main] INFO  com.devsenior.Main - Información del gerente: Gerente{departamento= null', Empleado{nombre= Ana', edad= 35, salario= 5000.0}}
2025-05-28 21:38:13 [main] INFO  com.devsenior.Main - Después del aumento...
2025-05-28 21:38:13 [main] INFO  com.devsenior.Main - Información del empleado: Empleado{nombre= Juan', edad= 25, salario= 3500.0}
2025-05-28 21:38:13 [main] INFO  com.devsenior.Main - Información del gerente: Gerente{departamento= null', Empleado{nombre= Ana', edad= 35, salario= 6000.0}}
2025-05-28 21:38:13 [main] INFO  com.devsenior.Main - Programa finalizado
2025-05-28 21:38:13 [main] WARN  com.devsenior.Main - Este es un mensaje WARN
2025-05-28 21:38:13 [main] ERROR com.devsenior.Main - Este es un mensaje ERROR
2025-05-28 21:38:13 [main] FATAL com.devsenior.Main - Este es un mensaje FATAL
2025-05-28 21:39:39 [main] INFO  com.devsenior.Main - Iniciano el programa de gestión de empleados...
2025-05-28 21:39:39 [main] INFO  com.devsenior.Main - Información del empleado creado: Empleado{nombre= Juan', edad= 25, salario= 3000.0}
2025-05-28 21:39:39 [main] INFO  com.devsenior.Main - Información del gerente: Gerente{departamento= null', Empleado{nombre= Ana', edad= 35, salario= 5000.0}}
2025-05-28 21:39:39 [main] DEBUG com.devsenior.Empleado - Salario de Juan pasó de $3000.0 a $3500.0
2025-05-28 21:39:39 [main] DEBUG com.devsenior.Empleado - Salario de Ana pasó de $5000.0 a $6000.0
2025-05-28 21:39:39 [main] INFO  com.devsenior.Main - Después del aumento...
2025-05-28 21:39:39 [main] INFO  com.devsenior.Main - Información del empleado: Empleado{nombre= Juan', edad= 25, salario= 3500.0}
2025-05-28 21:39:39 [main] INFO  com.devsenior.Main - Información del gerente: Gerente{departamento= null', Empleado{nombre= Ana', edad= 35, salario= 6000.0}}
2025-05-28 21:39:39 [main] INFO  com.devsenior.Main - Programa finalizado
2025-05-28 21:39:39 [main] TRACE com.devsenior.Main - Este es un mmensaje TRACE
2025-05-28 21:39:39 [main] DEBUG com.devsenior.Main - Este es un mensje DEBUG
2025-05-28 21:39:39 [main] WARN  com.devsenior.Main - Este es un mensaje WARN
2025-05-28 21:39:39 [main] ERROR com.devsenior.Main - Este es un mensaje ERROR
2025-05-28 21:39:39 [main] FATAL com.devsenior.Main - Este es un mensaje FATAL
